[debug] [2023-01-15T09:21:01.368Z] ----------------------------------------------------------------------
[debug] [2023-01-15T09:21:01.371Z] Command:       C:\Program Files\nodejs\node.exe C:\Users\victo\AppData\Roaming\npm\node_modules\firebase-tools\lib\bin\firebase.js deploy
[debug] [2023-01-15T09:21:01.371Z] CLI Version:   11.20.0
[debug] [2023-01-15T09:21:01.372Z] Platform:      win32
[debug] [2023-01-15T09:21:01.372Z] Node Version:  v18.12.1
[debug] [2023-01-15T09:21:01.373Z] Time:          Sun Jan 15 2023 10:21:01 GMT+0100 (hora estándar de Europa central)
[debug] [2023-01-15T09:21:01.373Z] ----------------------------------------------------------------------
[debug] 
[debug] [2023-01-15T09:21:01.437Z] > command requires scopes: ["email","openid","https://www.googleapis.com/auth/cloudplatformprojects.readonly","https://www.googleapis.com/auth/firebase","https://www.googleapis.com/auth/cloud-platform"]
[debug] [2023-01-15T09:21:01.437Z] > authorizing via signed-in user (victorolivarez2001@gmail.com)
[debug] [2023-01-15T09:21:01.437Z] [iam] checking project portfolio-frontend-c6d62 for permissions ["firebase.projects.get","firebasehosting.sites.update"]
[debug] [2023-01-15T09:21:01.439Z] >>> [apiv2][query] POST https://cloudresourcemanager.googleapis.com/v1/projects/portfolio-frontend-c6d62:testIamPermissions [none]
[debug] [2023-01-15T09:21:01.439Z] >>> [apiv2][(partial)header] POST https://cloudresourcemanager.googleapis.com/v1/projects/portfolio-frontend-c6d62:testIamPermissions x-goog-quota-user=projects/portfolio-frontend-c6d62
[debug] [2023-01-15T09:21:01.439Z] >>> [apiv2][body] POST https://cloudresourcemanager.googleapis.com/v1/projects/portfolio-frontend-c6d62:testIamPermissions {"permissions":["firebase.projects.get","firebasehosting.sites.update"]}
[debug] [2023-01-15T09:21:01.800Z] <<< [apiv2][status] POST https://cloudresourcemanager.googleapis.com/v1/projects/portfolio-frontend-c6d62:testIamPermissions 200
[debug] [2023-01-15T09:21:01.801Z] <<< [apiv2][body] POST https://cloudresourcemanager.googleapis.com/v1/projects/portfolio-frontend-c6d62:testIamPermissions {"permissions":["firebase.projects.get","firebasehosting.sites.update"]}
[debug] [2023-01-15T09:21:01.804Z] >>> [apiv2][query] GET https://firebase.googleapis.com/v1beta1/projects/portfolio-frontend-c6d62 [none]
[debug] [2023-01-15T09:21:02.197Z] <<< [apiv2][status] GET https://firebase.googleapis.com/v1beta1/projects/portfolio-frontend-c6d62 200
[debug] [2023-01-15T09:21:02.197Z] <<< [apiv2][body] GET https://firebase.googleapis.com/v1beta1/projects/portfolio-frontend-c6d62 {"projectId":"portfolio-frontend-c6d62","projectNumber":"283263696986","displayName":"portfolio-FrontEnd","name":"projects/portfolio-frontend-c6d62","resources":{"hostingSite":"portfolio-frontend-c6d62"},"state":"ACTIVE","etag":"1_c62cee89-b2e2-44c2-9ec9-1160aade3913"}
[info] 
[info] === Deploying to 'portfolio-frontend-c6d62'...
[info] 
[info] i  deploying hosting 
[debug] [2023-01-15T09:21:02.211Z] >>> [apiv2][query] POST https://firebasehosting.googleapis.com/v1beta1/projects/-/sites/portfolio-frontend-c6d62/versions [none]
[debug] [2023-01-15T09:21:02.212Z] >>> [apiv2][body] POST https://firebasehosting.googleapis.com/v1beta1/projects/-/sites/portfolio-frontend-c6d62/versions {"status":"CREATED","labels":{"deployment-tool":"cli-firebase"}}
